-------------------------------------------------------------------------------
Test set: in.vigneshramachandran.srcatering.TestCreateTask
-------------------------------------------------------------------------------
Tests run: 5, Failures: 5, Errors: 0, Skipped: 0, Time elapsed: 0.112 s <<< FAILURE! - in in.vigneshramachandran.srcatering.TestCreateTask
in.vigneshramachandran.srcatering.TestCreateTask.testCreateTaskWithValidInput()  Time elapsed: 0.077 s  <<< FAILURE!
org.opentest4j.AssertionFailedError: Unexpected exception thrown: java.lang.NullPointerException: Cannot invoke "java.time.LocalDate.isBefore(java.time.chrono.ChronoLocalDate)" because "date" is null
	at org.junit.jupiter.api.AssertDoesNotThrow.createAssertionFailedError(AssertDoesNotThrow.java:83)
	at org.junit.jupiter.api.AssertDoesNotThrow.assertDoesNotThrow(AssertDoesNotThrow.java:54)
	at org.junit.jupiter.api.AssertDoesNotThrow.assertDoesNotThrow(AssertDoesNotThrow.java:37)
	at org.junit.jupiter.api.Assertions.assertDoesNotThrow(Assertions.java:3135)
	at in.vigneshramachandran.srcatering.TestCreateTask.testCreateTaskWithValidInput(TestCreateTask.java:30)
Caused by: java.lang.NullPointerException: Cannot invoke "java.time.LocalDate.isBefore(java.time.chrono.ChronoLocalDate)" because "date" is null
	at in.vigneshramachandran.srcatering.util.StringUtil.rejectIfInvalidDate(StringUtil.java:17)
	at in.vigneshramachandran.srcatering.validation.TaskValidator.validate(TaskValidator.java:14)
	at in.vigneshramachandran.srcatering.service.TaskService.create(TaskService.java:29)
	at in.vigneshramachandran.srcatering.TestCreateTask.lambda$testCreateTaskWithValidInput$0(TestCreateTask.java:31)
	at org.junit.jupiter.api.AssertDoesNotThrow.assertDoesNotThrow(AssertDoesNotThrow.java:50)
	... 16 more

in.vigneshramachandran.srcatering.TestCreateTask.testCreateUserWithInvalidDueDate()  Time elapsed: 0.005 s  <<< FAILURE!
org.opentest4j.AssertionFailedError: Unexpected exception type thrown ==> expected: <in.vigneshramachandran.srcatering.exception.ValidationException> but was: <java.lang.NullPointerException>
	at org.junit.jupiter.api.AssertThrows.assertThrows(AssertThrows.java:65)
	at org.junit.jupiter.api.AssertThrows.assertThrows(AssertThrows.java:37)
	at org.junit.jupiter.api.Assertions.assertThrows(Assertions.java:3082)
	at in.vigneshramachandran.srcatering.TestCreateTask.testCreateUserWithInvalidDueDate(TestCreateTask.java:107)
Caused by: java.lang.NullPointerException: Cannot invoke "java.time.LocalDate.isBefore(java.time.chrono.ChronoLocalDate)" because "date" is null
	at in.vigneshramachandran.srcatering.util.StringUtil.rejectIfInvalidDate(StringUtil.java:17)
	at in.vigneshramachandran.srcatering.validation.TaskValidator.validate(TaskValidator.java:14)
	at in.vigneshramachandran.srcatering.service.TaskService.create(TaskService.java:29)
	at in.vigneshramachandran.srcatering.TestCreateTask.lambda$testCreateUserWithInvalidDueDate$4(TestCreateTask.java:108)
	at org.junit.jupiter.api.AssertThrows.assertThrows(AssertThrows.java:55)
	... 16 more

in.vigneshramachandran.srcatering.TestCreateTask.testCreateTaskWithInValidInput()  Time elapsed: 0.013 s  <<< FAILURE!
org.opentest4j.AssertionFailedError: expected: <true> but was: <false>
	at org.junit.jupiter.api.AssertionUtils.fail(AssertionUtils.java:55)
	at org.junit.jupiter.api.AssertTrue.assertTrue(AssertTrue.java:40)
	at org.junit.jupiter.api.AssertTrue.assertTrue(AssertTrue.java:35)
	at org.junit.jupiter.api.Assertions.assertTrue(Assertions.java:179)
	at in.vigneshramachandran.srcatering.TestCreateTask.testCreateTaskWithInValidInput(TestCreateTask.java:45)

in.vigneshramachandran.srcatering.TestCreateTask.testCreateUserWithNameNull()  Time elapsed: 0.005 s  <<< FAILURE!
org.opentest4j.AssertionFailedError: expected: <true> but was: <false>
	at org.junit.jupiter.api.AssertionUtils.fail(AssertionUtils.java:55)
	at org.junit.jupiter.api.AssertTrue.assertTrue(AssertTrue.java:40)
	at org.junit.jupiter.api.AssertTrue.assertTrue(AssertTrue.java:35)
	at org.junit.jupiter.api.Assertions.assertTrue(Assertions.java:179)
	at in.vigneshramachandran.srcatering.TestCreateTask.testCreateUserWithNameNull(TestCreateTask.java:67)

in.vigneshramachandran.srcatering.TestCreateTask.testCreateUserWithNameEmpty()  Time elapsed: 0.004 s  <<< FAILURE!
org.opentest4j.AssertionFailedError: expected: <true> but was: <false>
	at org.junit.jupiter.api.AssertionUtils.fail(AssertionUtils.java:55)
	at org.junit.jupiter.api.AssertTrue.assertTrue(AssertTrue.java:40)
	at org.junit.jupiter.api.AssertTrue.assertTrue(AssertTrue.java:35)
	at org.junit.jupiter.api.Assertions.assertTrue(Assertions.java:179)
	at in.vigneshramachandran.srcatering.TestCreateTask.testCreateUserWithNameEmpty(TestCreateTask.java:90)

