-------------------------------------------------------------------------------
Test set: in.vigneshramachandran.srcatering.TestCreateUser
-------------------------------------------------------------------------------
Tests run: 1, Failures: 1, Errors: 0, Skipped: 0, Time elapsed: 4.724 s <<< FAILURE! - in in.vigneshramachandran.srcatering.TestCreateUser
in.vigneshramachandran.srcatering.TestCreateUser.testCreateUserWithValidInput()  Time elapsed: 4.723 s  <<< FAILURE!
org.opentest4j.AssertionFailedError: Unexpected exception thrown: java.lang.RuntimeException: java.sql.SQLIntegrityConstraintViolationException: target: srcatering.-.primary: vttablet: rpc error: code = AlreadyExists desc = Duplicate entry 'vigneshramachandran@fssa.freshworks.com' for key 'users.email' (errno 1062) (sqlstate 23000) (CallerID: aqdbv0g8ffcnid881cx1): Sql: "insert into users(first_name, last_name, email, `password`) values (:vtg1 /* VARCHAR */, :vtg2 /* VARCHAR */, :vtg3 /* VARCHAR */, :vtg4 /* VARCHAR */)", BindVars: {REDACTED}
	at org.junit.jupiter.api.AssertDoesNotThrow.createAssertionFailedError(AssertDoesNotThrow.java:83)
	at org.junit.jupiter.api.AssertDoesNotThrow.assertDoesNotThrow(AssertDoesNotThrow.java:54)
	at org.junit.jupiter.api.AssertDoesNotThrow.assertDoesNotThrow(AssertDoesNotThrow.java:37)
	at org.junit.jupiter.api.Assertions.assertDoesNotThrow(Assertions.java:3135)
	at in.vigneshramachandran.srcatering.TestCreateUser.testCreateUserWithValidInput(TestCreateUser.java:33)
Caused by: java.lang.RuntimeException: java.sql.SQLIntegrityConstraintViolationException: target: srcatering.-.primary: vttablet: rpc error: code = AlreadyExists desc = Duplicate entry 'vigneshramachandran@fssa.freshworks.com' for key 'users.email' (errno 1062) (sqlstate 23000) (CallerID: aqdbv0g8ffcnid881cx1): Sql: "insert into users(first_name, last_name, email, `password`) values (:vtg1 /* VARCHAR */, :vtg2 /* VARCHAR */, :vtg3 /* VARCHAR */, :vtg4 /* VARCHAR */)", BindVars: {REDACTED}
	at in.vigneshramachandran.srcatering.dao.UserDAO.create(UserDAO.java:76)
	at in.vigneshramachandran.srcatering.service.UserService.create(UserService.java:15)
	at in.vigneshramachandran.srcatering.TestCreateUser.lambda$testCreateUserWithValidInput$0(TestCreateUser.java:34)
	at org.junit.jupiter.api.AssertDoesNotThrow.assertDoesNotThrow(AssertDoesNotThrow.java:50)
	... 16 more
Caused by: java.sql.SQLIntegrityConstraintViolationException: target: srcatering.-.primary: vttablet: rpc error: code = AlreadyExists desc = Duplicate entry 'vigneshramachandran@fssa.freshworks.com' for key 'users.email' (errno 1062) (sqlstate 23000) (CallerID: aqdbv0g8ffcnid881cx1): Sql: "insert into users(first_name, last_name, email, `password`) values (:vtg1 /* VARCHAR */, :vtg2 /* VARCHAR */, :vtg3 /* VARCHAR */, :vtg4 /* VARCHAR */)", BindVars: {REDACTED}
	at com.mysql.cj.jdbc.exceptions.SQLError.createSQLException(SQLError.java:117)
	at com.mysql.cj.jdbc.exceptions.SQLExceptionsMapping.translateException(SQLExceptionsMapping.java:122)
	at com.mysql.cj.jdbc.ClientPreparedStatement.executeInternal(ClientPreparedStatement.java:953)
	at com.mysql.cj.jdbc.ClientPreparedStatement.executeUpdateInternal(ClientPreparedStatement.java:1098)
	at com.mysql.cj.jdbc.ClientPreparedStatement.executeUpdateInternal(ClientPreparedStatement.java:1046)
	at com.mysql.cj.jdbc.ClientPreparedStatement.executeLargeUpdate(ClientPreparedStatement.java:1371)
	at com.mysql.cj.jdbc.ClientPreparedStatement.executeUpdate(ClientPreparedStatement.java:1031)
	at in.vigneshramachandran.srcatering.dao.UserDAO.create(UserDAO.java:69)
	... 19 more

