<?xml version="1.0" encoding="UTF-8"?>
<testsuite xmlns:xsi="http://www.w3.org/2001/XMLSchema-instance" xsi:noNamespaceSchemaLocation="https://maven.apache.org/surefire/maven-surefire-plugin/xsd/surefire-test-report.xsd" name="in.vigneshramachandran.srcatering.TestCreateTask" time="0.154" tests="5" errors="0" skipped="0" failures="4">
  <properties>
[...]
</properties>
  <testcase name="in.vigneshramachandran.srcatering.TestCreateTask.testCreateTaskWithValidInput" classname="in.vigneshramachandran.srcatering.TestCreateTask" time="0.127">
    <failure message="Unexpected exception thrown: java.lang.NullPointerException: Cannot invoke &quot;java.time.LocalDate.isBefore(java.time.chrono.ChronoLocalDate)&quot; because &quot;input&quot; is null" type="org.opentest4j.AssertionFailedError">org.opentest4j.AssertionFailedError: Unexpected exception thrown: java.lang.NullPointerException: Cannot invoke "java.time.LocalDate.isBefore(java.time.chrono.ChronoLocalDate)" because "input" is null
	at org.junit.jupiter.api.AssertDoesNotThrow.createAssertionFailedError(AssertDoesNotThrow.java:83)
	at org.junit.jupiter.api.AssertDoesNotThrow.assertDoesNotThrow(AssertDoesNotThrow.java:54)
	at org.junit.jupiter.api.AssertDoesNotThrow.assertDoesNotThrow(AssertDoesNotThrow.java:37)
	at org.junit.jupiter.api.Assertions.assertDoesNotThrow(Assertions.java:3135)
	at in.vigneshramachandran.srcatering.TestCreateTask.testCreateTaskWithValidInput(TestCreateTask.java:30)
Caused by: java.lang.NullPointerException: Cannot invoke "java.time.LocalDate.isBefore(java.time.chrono.ChronoLocalDate)" because "input" is null
	at in.vigneshramachandran.srcatering.util.StringUtil.rejectIfInvalidDate(StringUtil.java:40)
	at in.vigneshramachandran.srcatering.validation.TaskValidator.validate(TaskValidator.java:16)
	at in.vigneshramachandran.srcatering.service.TaskService.create(TaskService.java:30)
	at in.vigneshramachandran.srcatering.TestCreateTask.lambda$testCreateTaskWithValidInput$0(TestCreateTask.java:31)
	at org.junit.jupiter.api.AssertDoesNotThrow.assertDoesNotThrow(AssertDoesNotThrow.java:50)
	... 16 more
</failure>
    <system-out><![CDATA[Invalid date format!
]]></system-out>
  </testcase>
  <testcase name="in.vigneshramachandran.srcatering.TestCreateTask.testCreateUserWithNameNull" classname="in.vigneshramachandran.srcatering.TestCreateTask" time="0.008">
    <failure message="Unexpected exception type thrown ==&gt; expected: &lt;in.vigneshramachandran.srcatering.exception.ValidationException&gt; but was: &lt;java.lang.NullPointerException&gt;" type="org.opentest4j.AssertionFailedError"><![CDATA[org.opentest4j.AssertionFailedError: Unexpected exception type thrown ==> expected: <in.vigneshramachandran.srcatering.exception.ValidationException> but was: <java.lang.NullPointerException>
	at org.junit.jupiter.api.AssertThrows.assertThrows(AssertThrows.java:65)
	at org.junit.jupiter.api.AssertThrows.assertThrows(AssertThrows.java:37)
	at org.junit.jupiter.api.Assertions.assertThrows(Assertions.java:3082)
	at in.vigneshramachandran.srcatering.TestCreateTask.testCreateUserWithNameNull(TestCreateTask.java:62)
Caused by: java.lang.NullPointerException: Cannot invoke "java.time.LocalDate.isBefore(java.time.chrono.ChronoLocalDate)" because "input" is null
	at in.vigneshramachandran.srcatering.util.StringUtil.rejectIfInvalidDate(StringUtil.java:40)
	at in.vigneshramachandran.srcatering.validation.TaskValidator.validate(TaskValidator.java:16)
	at in.vigneshramachandran.srcatering.service.TaskService.create(TaskService.java:30)
	at in.vigneshramachandran.srcatering.TestCreateTask.lambda$testCreateUserWithNameNull$2(TestCreateTask.java:63)
	at org.junit.jupiter.api.AssertThrows.assertThrows(AssertThrows.java:55)
	... 16 more
]]></failure>
    <system-out><![CDATA[Invalid date format!
]]></system-out>
  </testcase>
  <testcase name="in.vigneshramachandran.srcatering.TestCreateTask.testCreateUserWithNameEmpty" classname="in.vigneshramachandran.srcatering.TestCreateTask" time="0.003">
    <failure message="Unexpected exception type thrown ==&gt; expected: &lt;in.vigneshramachandran.srcatering.exception.ValidationException&gt; but was: &lt;java.lang.NullPointerException&gt;" type="org.opentest4j.AssertionFailedError"><![CDATA[org.opentest4j.AssertionFailedError: Unexpected exception type thrown ==> expected: <in.vigneshramachandran.srcatering.exception.ValidationException> but was: <java.lang.NullPointerException>
	at org.junit.jupiter.api.AssertThrows.assertThrows(AssertThrows.java:65)
	at org.junit.jupiter.api.AssertThrows.assertThrows(AssertThrows.java:37)
	at org.junit.jupiter.api.Assertions.assertThrows(Assertions.java:3082)
	at in.vigneshramachandran.srcatering.TestCreateTask.testCreateUserWithNameEmpty(TestCreateTask.java:85)
Caused by: java.lang.NullPointerException: Cannot invoke "java.time.LocalDate.isBefore(java.time.chrono.ChronoLocalDate)" because "input" is null
	at in.vigneshramachandran.srcatering.util.StringUtil.rejectIfInvalidDate(StringUtil.java:40)
	at in.vigneshramachandran.srcatering.validation.TaskValidator.validate(TaskValidator.java:16)
	at in.vigneshramachandran.srcatering.service.TaskService.create(TaskService.java:30)
	at in.vigneshramachandran.srcatering.TestCreateTask.lambda$testCreateUserWithNameEmpty$3(TestCreateTask.java:86)
	at org.junit.jupiter.api.AssertThrows.assertThrows(AssertThrows.java:55)
	... 16 more
]]></failure>
    <system-out><![CDATA[Invalid date format!
]]></system-out>
  </testcase>
  <testcase name="in.vigneshramachandran.srcatering.TestCreateTask.testCreateTaskWithInValidInput" classname="in.vigneshramachandran.srcatering.TestCreateTask" time="0.004"/>
  <testcase name="in.vigneshramachandran.srcatering.TestCreateTask.testCreateUserWithInvalidDueDate" classname="in.vigneshramachandran.srcatering.TestCreateTask" time="0.004">
    <failure message="Unexpected exception type thrown ==&gt; expected: &lt;in.vigneshramachandran.srcatering.exception.ValidationException&gt; but was: &lt;java.lang.NullPointerException&gt;" type="org.opentest4j.AssertionFailedError"><![CDATA[org.opentest4j.AssertionFailedError: Unexpected exception type thrown ==> expected: <in.vigneshramachandran.srcatering.exception.ValidationException> but was: <java.lang.NullPointerException>
	at org.junit.jupiter.api.AssertThrows.assertThrows(AssertThrows.java:65)
	at org.junit.jupiter.api.AssertThrows.assertThrows(AssertThrows.java:37)
	at org.junit.jupiter.api.Assertions.assertThrows(Assertions.java:3082)
	at in.vigneshramachandran.srcatering.TestCreateTask.testCreateUserWithInvalidDueDate(TestCreateTask.java:107)
Caused by: java.lang.NullPointerException: Cannot invoke "java.time.LocalDate.isBefore(java.time.chrono.ChronoLocalDate)" because "input" is null
	at in.vigneshramachandran.srcatering.util.StringUtil.rejectIfInvalidDate(StringUtil.java:40)
	at in.vigneshramachandran.srcatering.validation.TaskValidator.validate(TaskValidator.java:16)
	at in.vigneshramachandran.srcatering.service.TaskService.create(TaskService.java:30)
	at in.vigneshramachandran.srcatering.TestCreateTask.lambda$testCreateUserWithInvalidDueDate$4(TestCreateTask.java:108)
	at org.junit.jupiter.api.AssertThrows.assertThrows(AssertThrows.java:55)
	... 16 more
]]></failure>
    <system-out><![CDATA[Invalid date format!
]]></system-out>
  </testcase>
</testsuite>